# JRE version: OpenJDK Runtime Environment (17.0.6) (build 17.0.6+0-b2043.56-10027231)
# Java VM: OpenJDK 64-Bit Server VM (17.0.6+0-b2043.56-10027231, mixed mode, tiered, compressed oops, compressed class ptrs, g1 gc, windows-amd64)
GC Precious Log:
 CPUs: 4 total, 4 available
 Memory: 8059M
 Large Page Support: Disabled
 NUMA Support: Disabled
 Compressed Oops: Enabled (32-bit)
 Heap Region Size: 1M
 Heap Min Capacity: 8M
 Heap Initial Capacity: 126M
 Heap Max Capacity: 2G
 Pre-touch: Disabled
 Parallel Workers: 4
 Concurrent Workers: 1
 Concurrent Refinement Workers: 4
 Periodic GC: Disabled
Heap:
 garbage-first heap   total 416768K, used 140341K [0x0000000080000000, 0x0000000100000000)
  region size 1024K, 12 young (12288K), 12 survivors (12288K)
 Metaspace       used 114970K, committed 115776K, reserved 1155072K
  class space    used 15317K, committed 15680K, reserved 1048576K
GC Heap History (20 events):
Event: 113.266 GC heap after
{Heap after GC invocations=69 (full 0):
 garbage-first heap   total 214016K, used 114954K [0x0000000080000000, 0x0000000100000000)
  region size 1024K, 4 young (4096K), 4 survivors (4096K)
 Metaspace       used 101323K, committed 102016K, reserved 1138688K
  class space    used 13365K, committed 13696K, reserved 1048576K
}
Event: 113.269 GC heap before
{Heap before GC invocations=69 (full 0):
 garbage-first heap   total 214016K, used 115978K [0x0000000080000000, 0x0000000100000000)
  region size 1024K, 5 young (5120K), 4 survivors (4096K)
 Metaspace       used 101323K, committed 102016K, reserved 1138688K
  class space    used 13365K, committed 13696K, reserved 1048576K
}
Event: 113.271 GC heap after
{Heap after GC invocations=70 (full 0):
 garbage-first heap   total 214016K, used 115931K [0x0000000080000000, 0x0000000100000000)
  region size 1024K, 4 young (4096K), 4 survivors (4096K)
 Metaspace       used 101323K, committed 102016K, reserved 1138688K
  class space    used 13365K, committed 13696K, reserved 1048576K
}
Event: 113.843 GC heap before
{Heap before GC invocations=71 (full 0):
 garbage-first heap   total 245760K, used 185563K [0x0000000080000000, 0x0000000100000000)
  region size 1024K, 69 young (70656K), 4 survivors (4096K)
 Metaspace       used 101327K, committed 102016K, reserved 1138688K
  class space    used 13365K, committed 13696K, reserved 1048576K
}
Event: 113.847 GC heap after
{Heap after GC invocations=72 (full 0):
 garbage-first heap   total 245760K, used 120384K [0x0000000080000000, 0x0000000100000000)
  region size 1024K, 8 young (8192K), 8 survivors (8192K)
 Metaspace       used 101327K, committed 102016K, reserved 1138688K
  class space    used 13365K, committed 13696K, reserved 1048576K
}
Event: 113.859 GC heap before
{Heap before GC invocations=72 (full 0):
 garbage-first heap   total 245760K, used 124480K [0x0000000080000000, 0x0000000100000000)
  region size 1024K, 12 young (12288K), 8 survivors (8192K)
 Metaspace       used 101327K, committed 102016K, reserved 1138688K
  class space    used 13365K, committed 13696K, reserved 1048576K
}
Event: 113.883 GC heap after
{Heap after GC invocations=73 (full 0):
 garbage-first heap   total 416768K, used 118876K [0x0000000080000000, 0x0000000100000000)
  region size 1024K, 2 young (2048K), 2 survivors (2048K)
 Metaspace       used 101327K, committed 102016K, reserved 1138688K
  class space    used 13365K, committed 13696K, reserved 1048576K
}
Event: 116.724 GC heap before
{Heap before GC invocations=73 (full 0):
 garbage-first heap   total 416768K, used 326748K [0x0000000080000000, 0x0000000100000000)
  region size 1024K, 206 young (210944K), 2 survivors (2048K)
 Metaspace       used 101335K, committed 102016K, reserved 1138688K
  class space    used 13366K, committed 13696K, reserved 1048576K
}
Event: 117.034 GC heap after
{Heap after GC invocations=74 (full 0):
 garbage-first heap   total 416768K, used 125748K [0x0000000080000000, 0x0000000100000000)
  region size 1024K, 8 young (8192K), 8 survivors (8192K)
 Metaspace       used 101335K, committed 102016K, reserved 1138688K
  class space    used 13366K, committed 13696K, reserved 1048576K
}
Event: 121.161 GC heap before
{Heap before GC invocations=75 (full 0):
 garbage-first heap   total 416768K, used 344884K [0x0000000080000000, 0x0000000100000000)
  region size 1024K, 219 young (224256K), 8 survivors (8192K)
 Metaspace       used 101735K, committed 102528K, reserved 1138688K
  class space    used 13411K, committed 13760K, reserved 1048576K
}
Event: 121.169 GC heap after
{Heap after GC invocations=76 (full 0):
 garbage-first heap   total 416768K, used 131145K [0x0000000080000000, 0x0000000100000000)
  region size 1024K, 14 young (14336K), 14 survivors (14336K)
 Metaspace       used 101735K, committed 102528K, reserved 1138688K
  class space    used 13411K, committed 13760K, reserved 1048576K
}
Event: 121.233 GC heap before
{Heap before GC invocations=76 (full 0):
 garbage-first heap   total 416768K, used 137289K [0x0000000080000000, 0x0000000100000000)
  region size 1024K, 20 young (20480K), 14 survivors (14336K)
 Metaspace       used 101735K, committed 102528K, reserved 1138688K
  class space    used 13411K, committed 13760K, reserved 1048576K
}
Event: 121.584 GC heap after
{Heap after GC invocations=77 (full 0):
 garbage-first heap   total 416768K, used 130461K [0x0000000080000000, 0x0000000100000000)
  region size 1024K, 2 young (2048K), 2 survivors (2048K)
 Metaspace       used 101735K, committed 102528K, reserved 1138688K
  class space    used 13411K, committed 13760K, reserved 1048576K
}
Event: 122.055 GC heap before
{Heap before GC invocations=77 (full 0):
 garbage-first heap   total 416768K, used 308637K [0x0000000080000000, 0x0000000100000000)
  region size 1024K, 176 young (180224K), 2 survivors (2048K)
 Metaspace       used 101737K, committed 102528K, reserved 1138688K
  class space    used 13411K, committed 13760K, reserved 1048576K
}
Event: 122.058 GC heap after
{Heap after GC invocations=78 (full 0):
 garbage-first heap   total 416768K, used 132410K [0x0000000080000000, 0x0000000100000000)
  region size 1024K, 4 young (4096K), 4 survivors (4096K)
 Metaspace       used 101737K, committed 102528K, reserved 1138688K
  class space    used 13411K, committed 13760K, reserved 1048576K
}
Event: 124.973 GC heap before
{Heap before GC invocations=79 (full 0):
 garbage-first heap   total 416768K, used 346426K [0x0000000080000000, 0x0000000100000000)
  region size 1024K, 216 young (221184K), 4 survivors (4096K)
 Metaspace       used 101790K, committed 102528K, reserved 1138688K
  class space    used 13411K, committed 13760K, reserved 1048576K
}
Event: 124.985 GC heap after
{Heap after GC invocations=80 (full 0):
 garbage-first heap   total 416768K, used 133261K [0x0000000080000000, 0x0000000100000000)
  region size 1024K, 8 young (8192K), 8 survivors (8192K)
 Metaspace       used 101790K, committed 102528K, reserved 1138688K
  class space    used 13411K, committed 13760K, reserved 1048576K
}
Event: 125.027 GC heap before
{Heap before GC invocations=80 (full 0):
 garbage-first heap   total 416768K, used 145549K [0x0000000080000000, 0x0000000100000000)
  region size 1024K, 20 young (20480K), 8 survivors (8192K)
 Metaspace       used 101790K, committed 102528K, reserved 1138688K
  class space    used 13411K, committed 13760K, reserved 1048576K
}
Event: 125.037 GC heap after
{Heap after GC invocations=81 (full 0):
 garbage-first heap   total 416768K, used 129633K [0x0000000080000000, 0x0000000100000000)
  region size 1024K, 1 young (1024K), 1 survivors (1024K)
 Metaspace       used 101790K, committed 102528K, reserved 1138688K
  class space    used 13411K, committed 13760K, reserved 1048576K
}
Event: 132.063 GC heap before
{Heap before GC invocations=81 (full 0):
 garbage-first heap   total 416768K, used 351841K [0x0000000080000000, 0x0000000100000000)
  region size 1024K, 219 young (224256K), 1 survivors (1024K)
 Metaspace       used 114970K, committed 115776K, reserved 1155072K
  class space    used 15317K, committed 15680K, reserved 1048576K
}

